[2018-11-14 01:42:48,422]-INFO: <module>__ ---测试开始,用例001---- line79
[2018-11-14 01:42:48,424]-DEBUG: <module>__ 第一步：点输入框，输入内容：xxx line80
[2018-11-14 01:42:48,425]-DEBUG: <module>__ 第二步：点输入框，输入内容：xxx line81
[2018-11-14 01:42:48,426]-INFO: <module>__ ---测试通过！！！！！！---- line82
[2018-11-14 01:54:25,919]-ERROR: find__ 正在定位元素名称"我的",定位方法: text-->我的 line30
[2018-11-14 01:54:30,121]-ERROR: find__ 正在定位元素名称"我的-邀请好友",定位方法: text-->一起来抢票 line30
[2018-11-14 01:54:31,227]-ERROR: find__ 正在定位元素名称"取消分享",定位方法: text-->取消分享 line30
[2018-11-14 01:54:37,374]-ERROR: find__ 正在定位元素名称"消息中心",定位方法: text-->消息中心 line30
[2018-11-14 01:54:37,760]-ERROR: find__ 正在定位元素名称"火车票订单咨询",定位方法: text-->火车票订单咨询 line30
[2018-11-14 01:55:14,806]-ERROR: find__ 正在定位元素名称"消息中心",定位方法: text-->消息中心 line30
[2018-11-14 01:55:17,976]-ERROR: find__ 正在定位元素名称"在线客服",定位方法: text-->在线客服 line30
[2018-11-14 02:00:25,551]-ERROR: find__ 正在定位元素名称"我的",定位方法: text-->我的 line30
[2018-11-14 02:00:25,746]-INFO: test_01__ ---开始测试：test_01:我的-邀请好友--- line28
[2018-11-14 02:00:28,754]-INFO: test_01__ 第一步：我的——邀请好友 line31
[2018-11-14 02:00:28,763]-ERROR: find__ 正在定位元素名称"我的-邀请好友",定位方法: text-->一起来抢票 line30
[2018-11-14 02:00:29,133]-INFO: test_01__ 获取弹出框文本，用做断言 line33
[2018-11-14 02:00:29,845]-INFO: test_01__ 点取消分享 line41
[2018-11-14 02:00:29,851]-ERROR: find__ 正在定位元素名称"取消分享",定位方法: text-->取消分享 line30
[2018-11-14 02:00:33,019]-INFO: test_01__ 断言 line44
[2018-11-14 02:01:11,710]-ERROR: find__ 正在定位元素名称"我的",定位方法: text-->我的 line30
[2018-11-14 02:01:11,910]-INFO: test_01__ ---开始测试：test_01:我的-邀请好友--- line28
[2018-11-14 02:01:14,915]-INFO: test_01__ 第一步：我的——邀请好友 line31
[2018-11-14 02:01:14,922]-ERROR: find__ 正在定位元素名称"我的-邀请好友",定位方法: text-->一起来抢票 line30
[2018-11-14 02:01:15,277]-INFO: test_01__ 获取弹出框文本，用做断言 line33
[2018-11-14 02:01:16,029]-INFO: test_01__ 点取消分享 line41
[2018-11-14 02:01:16,035]-ERROR: find__ 正在定位元素名称"取消分享",定位方法: text-->取消分享 line30
[2018-11-14 02:01:19,185]-INFO: test_01__ 断言 line44
